[Mon Aug 25 10:42:54 EDT 2025] Starting snapshot (label=S1)
Traceback (most recent call last):
  File "/home/coder/options/etl/etl_snapshot.py", line 163, in <module>
    main()
    ~~~~^^
  File "/home/coder/options/etl/etl_snapshot.py", line 133, in main
    symbols = get_active_symbols()
  File "/home/coder/options/etl/etl_snapshot.py", line 44, in get_active_symbols
    rows = cur.execute("SELECT symbol FROM symbols WHERE is_active=1 ORDER BY symbol").fetchall()
           ~~~~~~~~~~~^^^^^^^^^^^^^^^^^^^^^^^^^^^^^^^^^^^^^^^^^^^^^^^^^^^^^^^^^^^^^^^^
sqlite3.OperationalError: no such table: symbols
[Mon Aug 25 10:50:37 EDT 2025] Starting snapshot (label=S1)
Traceback (most recent call last):
  File "/home/coder/options/etl/etl_snapshot.py", line 3, in <module>
    VERBOSE = os.getenv("SNAPSHOT_VERBOSE", "1") == "1"
              ^^
NameError: name 'os' is not defined. Did you forget to import 'os'?
[Mon Aug 25 10:57:25 EDT 2025] Starting snapshot (label=S1)
Traceback (most recent call last):
  File "/home/coder/options/etl/etl_snapshot.py", line 234, in <module>
    main()
    ~~~~^^
  File "/home/coder/options/etl/etl_snapshot.py", line 182, in main
    symbols = get_active_symbols()
  File "/home/coder/options/etl/etl_snapshot.py", line 57, in get_active_symbols
    rows = cur.execute(
           ~~~~~~~~~~~^
        "SELECT symbol FROM symbols WHERE is_active=1 ORDER BY symbol"
        ^^^^^^^^^^^^^^^^^^^^^^^^^^^^^^^^^^^^^^^^^^^^^^^^^^^^^^^^^^^^^^
    ).fetchall()
    ^
sqlite3.OperationalError: no such table: symbols
[Mon Aug 25 11:04:21 EDT 2025] Starting snapshot (label=S1)
[Mon Aug 25 11:16:44 EDT 2025] Starting snapshot (label=S1)
11:16:46 Starting snapshot S1 with 51 symbols; RUN_ID=20250825151646
11:16:46 [1/51] AAPL …
11:16:48 [1/51] AAPL: 114 rows, 1 expiries — cumulative 114
11:16:48 [2/51] ABNB …
11:16:49 [2/51] ABNB: 124 rows, 1 expiries — cumulative 238
11:16:50 [3/51] AMD …
11:16:51 [3/51] AMD: 174 rows, 1 expiries — cumulative 412
11:16:51 [4/51] AMZN …
11:16:52 [4/51] AMZN: 104 rows, 1 expiries — cumulative 516
11:16:53 [5/51] AVGO …
11:16:54 [5/51] AVGO: 134 rows, 1 expiries — cumulative 650
11:16:54 [6/51] BA …
11:16:55 [6/51] BA: 106 rows, 1 expiries — cumulative 756
11:16:55 [7/51] BAC …
11:16:56 [7/51] BAC: 72 rows, 1 expiries — cumulative 828
11:16:56 [8/51] CAT …
11:16:57 [8/51] CAT: 172 rows, 1 expiries — cumulative 1000
11:16:58 [9/51] COST …
11:16:59 [9/51] COST: 272 rows, 1 expiries — cumulative 1272
11:16:59 [10/51] CRM …
11:17:00 [10/51] CRM: 126 rows, 1 expiries — cumulative 1398
11:17:00 [11/51] CVX …
11:17:01 [11/51] CVX: 190 rows, 1 expiries — cumulative 1588
11:17:02 [12/51] DE …
11:17:03 [12/51] DE: 176 rows, 1 expiries — cumulative 1764
11:17:04 [13/51] DIA …
11:17:05 [13/51] DIA: 264 rows, 1 expiries — cumulative 2028
11:17:05 [14/51] DIS …
11:17:06 [14/51] DIS: 98 rows, 1 expiries — cumulative 2126
11:17:06 [15/51] DKNG …
11:17:07 [15/51] DKNG: 80 rows, 1 expiries — cumulative 2206
11:17:08 [16/51] F …
11:17:09 [16/51] F: 50 rows, 1 expiries — cumulative 2256
11:17:09 [17/51] GOOGL …
11:17:10 [17/51] GOOGL: 104 rows, 1 expiries — cumulative 2360
11:17:10 [18/51] GS …
11:17:11 [18/51] GS: 282 rows, 1 expiries — cumulative 2642
11:17:12 [19/51] INTC …
11:17:13 [19/51] INTC: 82 rows, 1 expiries — cumulative 2724
11:17:13 [20/51] IWM …
11:17:14 [20/51] IWM: 164 rows, 1 expiries — cumulative 2888
11:17:14 [21/51] JPM …
11:17:15 [21/51] JPM: 128 rows, 1 expiries — cumulative 3016
11:17:15 [22/51] KO …
11:17:16 [22/51] KO: 64 rows, 1 expiries — cumulative 3080
11:17:16 [23/51] LLY …
11:17:17 [23/51] LLY: 280 rows, 1 expiries — cumulative 3360
11:17:18 [24/51] META …
11:17:19 [24/51] META: 324 rows, 1 expiries — cumulative 3684
11:17:19 [25/51] MRK …
11:17:20 [25/51] MRK: 74 rows, 1 expiries — cumulative 3758
11:17:20 [26/51] MS …
11:17:21 [26/51] MS: 94 rows, 1 expiries — cumulative 3852
11:17:22 [27/51] MSFT …
11:17:23 [27/51] MSFT: 218 rows, 1 expiries — cumulative 4070
11:17:23 [28/51] MU …
11:17:24 [28/51] MU: 142 rows, 1 expiries — cumulative 4212
11:17:24 [29/51] NFLX …
11:17:25 [29/51] NFLX: 438 rows, 1 expiries — cumulative 4650
11:17:25 [30/51] NKE …
11:17:26 [30/51] NKE: 78 rows, 1 expiries — cumulative 4728
11:17:27 [31/51] NVDA …
11:17:27 [31/51] NVDA: 164 rows, 1 expiries — cumulative 4892
11:17:28 [32/51] ORCL …
11:17:29 [32/51] ORCL: 122 rows, 1 expiries — cumulative 5014
11:17:29 [33/51] PEP …
11:17:30 [33/51] PEP: 108 rows, 1 expiries — cumulative 5122
11:17:30 [34/51] PFE …
11:17:31 [34/51] PFE: 64 rows, 1 expiries — cumulative 5186
11:17:31 [35/51] PLTR …
11:17:32 [35/51] PLTR: 148 rows, 1 expiries — cumulative 5334
11:17:32 [36/51] QCOM …
11:17:33 [36/51] QCOM: 106 rows, 1 expiries — cumulative 5440
11:17:34 [37/51] QQQ …
11:17:35 [37/51] QQQ: 246 rows, 1 expiries — cumulative 5686
11:17:35 [38/51] SHOP …
11:17:36 [38/51] SHOP: 162 rows, 1 expiries — cumulative 5848
11:17:37 [39/51] SOFI …
11:17:38 [39/51] SOFI: 70 rows, 1 expiries — cumulative 5918
11:17:39 [40/51] SPY …
11:17:39 [40/51] SPY: 272 rows, 1 expiries — cumulative 6190
11:17:40 [41/51] TSLA …
11:17:41 [41/51] TSLA: 234 rows, 1 expiries — cumulative 6424
11:17:41 [42/51] UBER …
11:17:42 [42/51] UBER: 90 rows, 1 expiries — cumulative 6514
11:17:42 [43/51] UNH …
11:17:43 [43/51] UNH: 188 rows, 1 expiries — cumulative 6702
11:17:43 [44/51] WFC …
11:17:44 [44/51] WFC: 76 rows, 1 expiries — cumulative 6778
11:17:45 [45/51] XLE …
11:17:45 [45/51] XLE: 94 rows, 1 expiries — cumulative 6872
11:17:46 [46/51] XLF …
11:17:47 [46/51] XLF: 74 rows, 1 expiries — cumulative 6946
11:17:47 [47/51] XLI …
11:17:48 [47/51] XLI: 128 rows, 1 expiries — cumulative 7074
11:17:48 [48/51] XLK …
11:17:49 [48/51] XLK: 78 rows, 1 expiries — cumulative 7152
11:17:49 [49/51] XLV …
11:17:51 [49/51] XLV: 126 rows, 1 expiries — cumulative 7278
11:17:51 [50/51] XLY …
11:17:52 [50/51] XLY: 88 rows, 1 expiries — cumulative 7366
11:17:52 [51/51] XOM …
11:17:53 [51/51] XOM: 94 rows, 1 expiries — cumulative 7460
11:17:54 RUN 20250825151646 S1 finished: symbols=51 rows=7460 unique_expiries=2
[Mon Aug 25 11:21:10 EDT 2025] Starting snapshot (label=S1)
11:21:12 Starting snapshot S1 with 51 symbols; RUN_ID=20250825152112
11:21:12 [1/51] AAPL …
11:21:13 [1/51] AAPL: 114 rows, 1 expiries — cumulative 114
11:21:13 [2/51] ABNB …
11:21:14 [2/51] ABNB: 124 rows, 1 expiries — cumulative 238
11:21:14 [3/51] AMD …
11:21:14 [3/51] AMD: 174 rows, 1 expiries — cumulative 412
11:21:15 [4/51] AMZN …
11:21:15 [4/51] AMZN: 104 rows, 1 expiries — cumulative 516
11:21:15 [5/51] AVGO …
11:21:16 [5/51] AVGO: 134 rows, 1 expiries — cumulative 650
11:21:16 [6/51] BA …
11:21:16 [6/51] BA: 106 rows, 1 expiries — cumulative 756
11:21:17 [7/51] BAC …
11:21:17 [7/51] BAC: 72 rows, 1 expiries — cumulative 828
11:21:17 [8/51] CAT …
11:21:18 [8/51] CAT: 172 rows, 1 expiries — cumulative 1000
11:21:18 [9/51] COST …
11:21:19 [9/51] COST: 272 rows, 1 expiries — cumulative 1272
11:21:19 [10/51] CRM …
11:21:20 [10/51] CRM: 126 rows, 1 expiries — cumulative 1398
11:21:20 [11/51] CVX …
11:21:20 [11/51] CVX: 190 rows, 1 expiries — cumulative 1588
11:21:21 [12/51] DE …
11:21:21 [12/51] DE: 176 rows, 1 expiries — cumulative 1764
11:21:21 [13/51] DIA …
11:21:22 [13/51] DIA: 264 rows, 1 expiries — cumulative 2028
11:21:22 [14/51] DIS …
11:21:23 [14/51] DIS: 98 rows, 1 expiries — cumulative 2126
11:21:23 [15/51] DKNG …
11:21:24 [15/51] DKNG: 80 rows, 1 expiries — cumulative 2206
11:21:25 [16/51] F …
11:21:25 [16/51] F: 50 rows, 1 expiries — cumulative 2256
11:21:25 [17/51] GOOGL …
11:21:26 [17/51] GOOGL: 104 rows, 1 expiries — cumulative 2360
11:21:26 [18/51] GS …
11:21:27 [18/51] GS: 282 rows, 1 expiries — cumulative 2642
11:21:27 [19/51] INTC …
11:21:27 [19/51] INTC: 82 rows, 1 expiries — cumulative 2724
11:21:28 [20/51] IWM …
11:21:28 [20/51] IWM: 164 rows, 1 expiries — cumulative 2888
11:21:28 [21/51] JPM …
11:21:29 [21/51] JPM: 128 rows, 1 expiries — cumulative 3016
11:21:29 [22/51] KO …
11:21:29 [22/51] KO: 64 rows, 1 expiries — cumulative 3080
11:21:30 [23/51] LLY …
11:21:30 [23/51] LLY: 280 rows, 1 expiries — cumulative 3360
11:21:31 [24/51] META …
11:21:31 [24/51] META: 324 rows, 1 expiries — cumulative 3684
11:21:31 [25/51] MRK …
11:21:32 [25/51] MRK: 74 rows, 1 expiries — cumulative 3758
11:21:32 [26/51] MS …
11:21:33 [26/51] MS: 94 rows, 1 expiries — cumulative 3852
11:21:33 [27/51] MSFT …
11:21:33 [27/51] MSFT: 218 rows, 1 expiries — cumulative 4070
11:21:34 [28/51] MU …
11:21:34 [28/51] MU: 142 rows, 1 expiries — cumulative 4212
11:21:34 [29/51] NFLX …
11:21:35 [29/51] NFLX: 438 rows, 1 expiries — cumulative 4650
11:21:35 [30/51] NKE …
11:21:36 [30/51] NKE: 78 rows, 1 expiries — cumulative 4728
11:21:36 [31/51] NVDA …
11:21:37 [31/51] NVDA: 164 rows, 1 expiries — cumulative 4892
11:21:37 [32/51] ORCL …
11:21:37 [32/51] ORCL: 122 rows, 1 expiries — cumulative 5014
11:21:38 [33/51] PEP …
11:21:38 [33/51] PEP: 108 rows, 1 expiries — cumulative 5122
11:21:38 [34/51] PFE …
11:21:39 [34/51] PFE: 64 rows, 1 expiries — cumulative 5186
11:21:39 [35/51] PLTR …
11:21:39 [35/51] PLTR: 148 rows, 1 expiries — cumulative 5334
11:21:40 [36/51] QCOM …
11:21:40 [36/51] QCOM: 106 rows, 1 expiries — cumulative 5440
11:21:40 [37/51] QQQ …
11:21:41 [37/51] QQQ: 246 rows, 1 expiries — cumulative 5686
11:21:41 [38/51] SHOP …
11:21:42 [38/51] SHOP: 162 rows, 1 expiries — cumulative 5848
11:21:42 [39/51] SOFI …
11:21:42 [39/51] SOFI: 70 rows, 1 expiries — cumulative 5918
11:21:43 [40/51] SPY …
11:21:43 [40/51] SPY: 272 rows, 1 expiries — cumulative 6190
11:21:43 [41/51] TSLA …
11:21:44 [41/51] TSLA: 234 rows, 1 expiries — cumulative 6424
11:21:44 [42/51] UBER …
11:21:45 [42/51] UBER: 90 rows, 1 expiries — cumulative 6514
11:21:45 [43/51] UNH …
11:21:46 [43/51] UNH: 188 rows, 1 expiries — cumulative 6702
11:21:46 [44/51] WFC …
11:21:46 [44/51] WFC: 76 rows, 1 expiries — cumulative 6778
11:21:47 [45/51] XLE …
11:21:47 [45/51] XLE: 94 rows, 1 expiries — cumulative 6872
11:21:48 [46/51] XLF …
11:21:48 [46/51] XLF: 74 rows, 1 expiries — cumulative 6946
11:21:48 [47/51] XLI …
11:21:49 [47/51] XLI: 128 rows, 1 expiries — cumulative 7074
11:21:49 [48/51] XLK …
11:21:49 [48/51] XLK: 78 rows, 1 expiries — cumulative 7152
11:21:50 [49/51] XLV …
11:21:50 [49/51] XLV: 126 rows, 1 expiries — cumulative 7278
11:21:51 [50/51] XLY …
11:21:51 [50/51] XLY: 88 rows, 1 expiries — cumulative 7366
11:21:51 [51/51] XOM …
11:21:52 [51/51] XOM: 94 rows, 1 expiries — cumulative 7460
11:21:53 RUN 20250825152112 S1 finished: symbols=51 rows=7460 unique_expiries=2
No data for 2025-08-25 S1
[Mon Aug 25 11:21:55 EDT 2025] Snapshot finished (label=S1) rc=0
[Mon Aug 25 11:27:13 EDT 2025] Starting snapshot (label=S1)
11:27:15 Starting snapshot S1 with 51 symbols; RUN_ID=20250825152715
11:27:15 [1/51] AAPL …
11:27:16 [1/51] AAPL: 114 rows, 1 expiries — cumulative 114
11:27:16 [2/51] ABNB …
11:27:17 [2/51] ABNB: 124 rows, 1 expiries — cumulative 238
11:27:17 [3/51] AMD …
11:27:17 [3/51] AMD: 174 rows, 1 expiries — cumulative 412
11:27:18 [4/51] AMZN …
11:27:18 [4/51] AMZN: 104 rows, 1 expiries — cumulative 516
11:27:19 [5/51] AVGO …
11:27:19 [5/51] AVGO: 134 rows, 1 expiries — cumulative 650
11:27:19 [6/51] BA …
11:27:20 [6/51] BA: 106 rows, 1 expiries — cumulative 756
11:27:20 [7/51] BAC …
11:27:21 [7/51] BAC: 72 rows, 1 expiries — cumulative 828
11:27:21 [8/51] CAT …
11:27:21 [8/51] CAT: 172 rows, 1 expiries — cumulative 1000
11:27:22 [9/51] COST …
11:27:22 [9/51] COST: 272 rows, 1 expiries — cumulative 1272
11:27:23 [10/51] CRM …
11:27:23 [10/51] CRM: 126 rows, 1 expiries — cumulative 1398
11:27:23 [11/51] CVX …
11:27:24 [11/51] CVX: 190 rows, 1 expiries — cumulative 1588
11:27:24 [12/51] DE …
11:27:25 [12/51] DE: 176 rows, 1 expiries — cumulative 1764
11:27:25 [13/51] DIA …
11:27:25 [13/51] DIA: 264 rows, 1 expiries — cumulative 2028
11:27:26 [14/51] DIS …
11:27:26 [14/51] DIS: 98 rows, 1 expiries — cumulative 2126
11:27:26 [15/51] DKNG …
11:27:27 [15/51] DKNG: 80 rows, 1 expiries — cumulative 2206
11:27:27 [16/51] F …
11:27:27 [16/51] F: 50 rows, 1 expiries — cumulative 2256
11:27:28 [17/51] GOOGL …
11:27:28 [17/51] GOOGL: 104 rows, 1 expiries — cumulative 2360
11:27:29 [18/51] GS …
11:27:29 [18/51] GS: 282 rows, 1 expiries — cumulative 2642
11:27:29 [19/51] INTC …
11:27:30 [19/51] INTC: 82 rows, 1 expiries — cumulative 2724
11:27:30 [20/51] IWM …
11:27:31 [20/51] IWM: 164 rows, 1 expiries — cumulative 2888
11:27:31 [21/51] JPM …
11:27:31 [21/51] JPM: 128 rows, 1 expiries — cumulative 3016
11:27:32 [22/51] KO …
11:27:32 [22/51] KO: 64 rows, 1 expiries — cumulative 3080
11:27:32 [23/51] LLY …
11:27:33 [23/51] LLY: 280 rows, 1 expiries — cumulative 3360
11:27:33 [24/51] META …
11:27:34 [24/51] META: 324 rows, 1 expiries — cumulative 3684
11:27:34 [25/51] MRK …
11:27:34 [25/51] MRK: 74 rows, 1 expiries — cumulative 3758
11:27:35 [26/51] MS …
11:27:35 [26/51] MS: 94 rows, 1 expiries — cumulative 3852
11:27:35 [27/51] MSFT …
11:27:36 [27/51] MSFT: 218 rows, 1 expiries — cumulative 4070
11:27:36 [28/51] MU …
11:27:37 [28/51] MU: 142 rows, 1 expiries — cumulative 4212
11:27:37 [29/51] NFLX …
11:27:37 [29/51] NFLX: 438 rows, 1 expiries — cumulative 4650
11:27:38 [30/51] NKE …
11:27:38 [30/51] NKE: 78 rows, 1 expiries — cumulative 4728
11:27:38 [31/51] NVDA …
11:27:39 [31/51] NVDA: 164 rows, 1 expiries — cumulative 4892
11:27:39 [32/51] ORCL …
11:27:40 [32/51] ORCL: 122 rows, 1 expiries — cumulative 5014
11:27:40 [33/51] PEP …
11:27:40 [33/51] PEP: 108 rows, 1 expiries — cumulative 5122
11:27:41 [34/51] PFE …
11:27:41 [34/51] PFE: 64 rows, 1 expiries — cumulative 5186
11:27:42 [35/51] PLTR …
11:27:42 [35/51] PLTR: 148 rows, 1 expiries — cumulative 5334
11:27:42 [36/51] QCOM …
11:27:43 [36/51] QCOM: 106 rows, 1 expiries — cumulative 5440
11:27:43 [37/51] QQQ …
11:27:43 [37/51] QQQ: 246 rows, 1 expiries — cumulative 5686
11:27:44 [38/51] SHOP …
11:27:44 [38/51] SHOP: 162 rows, 1 expiries — cumulative 5848
11:27:45 [39/51] SOFI …
11:27:45 [39/51] SOFI: 70 rows, 1 expiries — cumulative 5918
11:27:45 [40/51] SPY …
11:27:46 [40/51] SPY: 272 rows, 1 expiries — cumulative 6190
11:27:46 [41/51] TSLA …
11:27:47 [41/51] TSLA: 234 rows, 1 expiries — cumulative 6424
11:27:47 [42/51] UBER …
11:27:47 [42/51] UBER: 90 rows, 1 expiries — cumulative 6514
11:27:48 [43/51] UNH …
11:27:48 [43/51] UNH: 188 rows, 1 expiries — cumulative 6702
11:27:48 [44/51] WFC …
11:27:49 [44/51] WFC: 76 rows, 1 expiries — cumulative 6778
11:27:49 [45/51] XLE …
11:27:49 [45/51] XLE: 94 rows, 1 expiries — cumulative 6872
11:27:50 [46/51] XLF …
11:27:50 [46/51] XLF: 74 rows, 1 expiries — cumulative 6946
11:27:50 [47/51] XLI …
11:27:51 [47/51] XLI: 128 rows, 1 expiries — cumulative 7074
11:27:51 [48/51] XLK …
11:27:52 [48/51] XLK: 78 rows, 1 expiries — cumulative 7152
11:27:52 [49/51] XLV …
11:27:52 [49/51] XLV: 126 rows, 1 expiries — cumulative 7278
11:27:53 [50/51] XLY …
11:27:53 [50/51] XLY: 88 rows, 1 expiries — cumulative 7366
11:27:53 [51/51] XOM …
11:27:54 [51/51] XOM: 94 rows, 1 expiries — cumulative 7460
11:27:55 RUN 20250825152715 S1 finished: symbols=51 rows=7460 unique_expiries=2
No data for 2025-08-25 S1
[Mon Aug 25 11:27:57 EDT 2025] Snapshot finished (label=S1) rc=0
